2025-09-12 13:41:09.768 | INFO     | utils_logger:<module>:41 - Logging to file: logs\project_log.log
2025-09-12 13:41:09.769 | INFO     | __main__:<module>:66 - Starting text processing...
2025-09-12 13:41:09.836 | INFO     | __main__:process_text_file:59 - Processed text file: tmartin_data\song_lyrics.txt, Word count saved to: tmartin_processed\text_love_word_count.txt
2025-09-12 13:41:09.836 | INFO     | __main__:<module>:68 - Text processing complete.
2025-09-12 13:42:21.913 | INFO     | utils_logger:<module>:41 - Logging to file: logs\project_log.log
2025-09-12 13:42:21.913 | INFO     | __main__:<module>:77 - Starting Excel processing...
2025-09-12 13:42:21.953 | INFO     | __main__:process_excel_file:70 - Processed Excel file: tmartin_data\NHL Goalies.xlsx, Word count saved to: tmartin_processed\excel_feedback_R_count.txt
2025-09-12 13:42:21.953 | INFO     | __main__:<module>:79 - Excel processing complete.
2025-09-12 13:42:49.756 | INFO     | utils_logger:<module>:41 - Logging to file: logs\project_log.log
2025-09-12 13:42:49.757 | INFO     | __main__:<module>:93 - Starting CSV processing...
2025-09-12 13:42:49.784 | INFO     | __main__:process_csv_file:86 - Processed CSV file: tmartin_data\iris.csv, Statistics saved to: tmartin_processed\iris_sepal_length_stats.txt
2025-09-12 13:42:49.784 | INFO     | __main__:<module>:95 - CSV processing complete.
2025-09-12 13:51:43.981 | INFO     | utils_logger:<module>:41 - Logging to file: logs\project_log.log
2025-09-12 13:51:43.981 | INFO     | __main__:main:97 - Starting text fetch demonstration...
2025-09-12 13:51:43.982 | INFO     | __main__:fetch_txt_file:56 - Fetching text data from https://drive.google.com/file/d/10kxnkNdvIfRmIpsHqAtesHSIaSJZMlPw/view...
2025-09-12 13:51:45.553 | INFO     | __main__:write_txt_file:80 - Writing data to tmartin_data\song_lyrics.txt...
2025-09-12 13:51:45.556 | INFO     | __main__:write_txt_file:84 - SUCCESS: Data written to tmartin_data\song_lyrics.txt
2025-09-12 13:51:45.557 | INFO     | __main__:fetch_txt_file:60 - SUCCESS: Text file fetched and saved as song_lyrics.txt
2025-09-12 13:54:13.385 | INFO     | utils_logger:<module>:41 - Logging to file: logs\project_log.log
2025-09-12 13:54:13.385 | INFO     | __main__:main:97 - Starting text fetch demonstration...
2025-09-12 13:54:13.385 | INFO     | __main__:fetch_txt_file:56 - Fetching text data from https://1drv.ms/t/c/ffd1b63db3ca1e13/EdfP3vxqqy9PoSEfFYLlB30BE79zr5KP4c2JyJQSvX8PGg?e=QAPJwK...
2025-09-12 13:54:15.893 | INFO     | __main__:write_txt_file:80 - Writing data to tmartin_data\song_lyrics.txt...
2025-09-12 13:54:15.899 | INFO     | __main__:write_txt_file:84 - SUCCESS: Data written to tmartin_data\song_lyrics.txt
2025-09-12 13:54:15.903 | INFO     | __main__:fetch_txt_file:60 - SUCCESS: Text file fetched and saved as song_lyrics.txt
2025-09-12 13:58:04.807 | INFO     | utils_logger:<module>:41 - Logging to file: logs\project_log.log
2025-09-12 13:58:04.807 | INFO     | __main__:main:97 - Starting text fetch demonstration...
2025-09-12 13:58:04.807 | INFO     | __main__:fetch_txt_file:56 - Fetching text data from https://www.gutenberg.org/cache/epub/1342/pg1342.txt...
2025-09-12 13:58:07.745 | INFO     | __main__:write_txt_file:80 - Writing data to tmartin_data\song_lyrics.txt...
2025-09-12 14:02:48.224 | INFO     | utils_logger:<module>:41 - Logging to file: logs\project_log.log
2025-09-12 14:02:48.225 | INFO     | __main__:main:97 - Starting text fetch demonstration...
2025-09-12 14:02:48.225 | INFO     | __main__:fetch_txt_file:56 - Fetching text data from https://onedrive.live.com/?viewid=e6a4d16e%2D9e2c%2D4852%2D8e90%2Ddf95810aad1f&id=%2Fpersonal%2Fffd1b63db3ca1e13%2FDocuments%2Fsong%5Flyrics%2Etxt&parent=%2Fpersonal%2Fffd1b63db3ca1e13%2FDocuments...
2025-09-12 14:02:49.843 | INFO     | __main__:write_txt_file:80 - Writing data to tmartin_data\song_lyrics.txt...
2025-09-12 14:02:49.845 | INFO     | __main__:write_txt_file:84 - SUCCESS: Data written to tmartin_data\song_lyrics.txt
2025-09-12 14:02:49.846 | INFO     | __main__:fetch_txt_file:60 - SUCCESS: Text file fetched and saved as song_lyrics.txt
2025-09-12 14:25:36.639 | INFO     | utils_logger:<module>:41 - Logging to file: logs\project_log.log
2025-09-12 14:25:36.640 | INFO     | __main__:main:97 - Starting text fetch demonstration...
2025-09-12 14:25:36.640 | INFO     | __main__:fetch_txt_file:56 - Fetching text data from https://raw.githubusercontent.com/tmartin-m/delete-me/refs/heads/main/song_lyrics.txt...
2025-09-12 14:25:37.429 | INFO     | __main__:write_txt_file:80 - Writing data to tmartin_data\song_lyrics.txt...
2025-09-12 14:25:37.432 | INFO     | __main__:write_txt_file:84 - SUCCESS: Data written to tmartin_data\song_lyrics.txt
2025-09-12 14:25:37.433 | INFO     | __main__:fetch_txt_file:60 - SUCCESS: Text file fetched and saved as song_lyrics.txt
2025-09-12 14:33:36.922 | INFO     | utils_logger:<module>:41 - Logging to file: logs\project_log.log
2025-09-12 14:33:36.923 | INFO     | __main__:main:97 - Starting Excel fetch demonstration...
2025-09-12 14:33:36.923 | INFO     | __main__:fetch_excel_file:56 - Fetching Excel data from https://github.com/tmartin-m/delete-me/blob/main/NHL%20Goalies.xlsx...
2025-09-12 14:33:38.413 | INFO     | __main__:write_excel_file:80 - Writing Excel data to tmartin_data\NHL Goalies.xlsx...
2025-09-12 14:33:38.415 | INFO     | __main__:write_excel_file:84 - SUCCESS: Excel data written to tmartin_data\NHL Goalies.xlsx
2025-09-12 14:33:38.416 | INFO     | __main__:fetch_excel_file:60 - SUCCESS: Excel file fetched and saved as NHL Goalies.xlsx
2025-09-12 14:55:46.118 | INFO     | utils_logger:<module>:41 - Logging to file: logs\project_log.log
2025-09-12 14:55:46.119 | INFO     | __main__:main:97 - Starting Excel fetch demonstration...
2025-09-12 14:55:46.119 | INFO     | __main__:fetch_excel_file:56 - Fetching Excel data from https://raw.githubusercontent.com/tmartin-m/delete-me/refs/heads/main/NHL_Goalies.xlsx...
2025-09-12 14:55:47.288 | INFO     | __main__:write_excel_file:80 - Writing Excel data to tmartin_data\NHL_Goalies.xlsx...
2025-09-12 14:55:47.290 | INFO     | __main__:write_excel_file:84 - SUCCESS: Excel data written to tmartin_data\NHL_Goalies.xlsx
2025-09-12 14:55:47.291 | INFO     | __main__:fetch_excel_file:60 - SUCCESS: Excel file fetched and saved as NHL_Goalies.xlsx
2025-09-12 15:13:51.747 | INFO     | utils_logger:<module>:41 - Logging to file: logs\project_log.log
2025-09-12 15:13:51.748 | INFO     | __main__:<module>:66 - Starting text processing...
2025-09-12 15:13:51.755 | INFO     | __main__:process_text_file:59 - Processed text file: tmartin_data\song_lyrics.txt, Word count saved to: tmartin_processed\text_love_word_count.txt
2025-09-12 15:13:51.759 | INFO     | __main__:<module>:68 - Text processing complete.
2025-09-12 15:17:41.275 | INFO     | utils_logger:<module>:41 - Logging to file: logs\project_log.log
2025-09-12 15:17:41.275 | INFO     | __main__:main:89 - Starting CSV fetch demonstration...
2025-09-12 15:17:41.275 | INFO     | __main__:fetch_csv_file:48 - Fetching CSV data from https://raw.githubusercontent.com/tmartin-m/delete-me/refs/heads/main/iris.csv...
2025-09-12 15:17:42.002 | INFO     | __main__:write_csv_file:72 - Writing CSV data to tmartin_data\iris.csv...
2025-09-12 15:17:42.005 | INFO     | __main__:write_csv_file:76 - SUCCESS: CSV data written to tmartin_data\iris.csv
2025-09-12 15:17:42.006 | INFO     | __main__:fetch_csv_file:52 - SUCCESS: CSV file fetched and saved as iris.csv
2025-09-12 15:18:52.179 | INFO     | utils_logger:<module>:41 - Logging to file: logs\project_log.log
2025-09-12 15:18:52.179 | INFO     | __main__:<module>:89 - Starting CSV processing...
2025-09-12 15:18:52.182 | INFO     | __main__:process_csv_file:82 - Processed CSV file: tmartin_data\iris.csv, Statistics saved to: tmartin_processed\iris_sepal_length_stats.txt
2025-09-12 15:18:52.182 | INFO     | __main__:<module>:91 - CSV processing complete.
2025-09-12 15:31:03.160 | INFO     | utils_logger:<module>:41 - Logging to file: logs\project_log.log
2025-09-12 15:31:03.160 | INFO     | __main__:main:96 - Starting JSON fetch demonstration...
2025-09-12 15:31:03.160 | INFO     | __main__:fetch_json_file:55 - Fetching JSON data from https://raw.githubusercontent.com/tmartin-m/delete-me/refs/heads/main/house_price_parquet.json...
2025-09-12 15:31:04.386 | ERROR    | __main__:fetch_json_file:63 - Request error occurred: Extra data: line 2 column 1 (char 239)
2025-09-12 19:01:32.307 | INFO     | utils_logger:<module>:41 - Logging to file: logs\project_log.log
2025-09-12 19:01:32.310 | INFO     | __main__:main:89 - Starting CSV fetch demonstration...
2025-09-12 19:01:32.310 | INFO     | __main__:fetch_csv_file:48 - Fetching CSV data from https://raw.githubusercontent.com/tmartin-m/delete-me/refs/heads/main/iris.csv...
2025-09-12 19:01:33.226 | INFO     | __main__:write_csv_file:72 - Writing CSV data to tmartin_data\iris.csv...
2025-09-12 19:01:33.229 | INFO     | __main__:write_csv_file:76 - SUCCESS: CSV data written to tmartin_data\iris.csv
2025-09-12 19:01:33.229 | INFO     | __main__:fetch_csv_file:52 - SUCCESS: CSV file fetched and saved as iris.csv
2025-09-12 19:03:54.402 | INFO     | utils_logger:<module>:41 - Logging to file: logs\project_log.log
2025-09-12 19:03:54.402 | INFO     | __main__:<module>:89 - Starting CSV processing...
2025-09-12 19:03:54.407 | INFO     | __main__:process_csv_file:82 - Processed CSV file: tmartin_data\iris.csv, Statistics saved to: tmartin_processed\iris_sepal_length_stats.txt
2025-09-12 19:03:54.408 | INFO     | __main__:<module>:91 - CSV processing complete.
2025-09-12 19:27:19.194 | INFO     | utils_logger:<module>:41 - Logging to file: logs\project_log.log
2025-09-12 19:27:19.195 | INFO     | __main__:main:96 - Starting JSON fetch demonstration...
2025-09-12 19:27:19.195 | INFO     | __main__:fetch_json_file:55 - Fetching JSON data from https://raw.githubusercontent.com/tmartin-m/delete-me/refs/heads/main/house_price_parquet.json...
2025-09-12 19:27:20.673 | ERROR    | __main__:fetch_json_file:63 - Request error occurred: Extra data: line 1 column 239 (char 238)
2025-09-12 19:41:42.635 | INFO     | utils_logger:<module>:41 - Logging to file: logs\project_log.log
2025-09-12 19:41:42.636 | INFO     | __main__:main:97 - Starting Excel fetch demonstration...
2025-09-12 19:55:26.932 | INFO     | utils_logger:<module>:41 - Logging to file: logs\project_log.log
2025-09-12 19:55:26.932 | INFO     | __main__:main:97 - Starting Excel fetch demonstration...
2025-09-12 19:58:30.686 | INFO     | utils_logger:<module>:41 - Logging to file: logs\project_log.log
2025-09-12 19:58:30.687 | INFO     | __main__:main:97 - Starting Excel fetch demonstration...
2025-09-12 19:58:30.687 | INFO     | __main__:fetch_excel_file:56 - Fetching Excel data from https://raw.githubusercontent.com/tmartin-m/delete-me/refs/heads/main/NHL_Goalies.xlsx...
2025-09-12 19:58:32.123 | INFO     | __main__:write_excel_file:80 - Writing Excel data to tmartin_data\NHL_Goalies.xlsx...
2025-09-12 19:58:32.126 | INFO     | __main__:write_excel_file:84 - SUCCESS: Excel data written to tmartin_data\NHL_Goalies.xlsx
2025-09-12 19:58:32.126 | INFO     | __main__:fetch_excel_file:60 - SUCCESS: Excel file fetched and saved as NHL_Goalies.xlsx
2025-09-12 19:59:25.854 | INFO     | utils_logger:<module>:41 - Logging to file: logs\project_log.log
2025-09-12 19:59:25.854 | INFO     | __main__:<module>:77 - Starting Excel processing...
2025-09-12 19:59:25.875 | INFO     | __main__:process_excel_file:70 - Processed Excel file: tmartin_data\NHL_Goalies.xlsx, Word count saved to: tmartin_processed\excel_feedback_R_count.txt
2025-09-12 19:59:25.875 | INFO     | __main__:<module>:79 - Excel processing complete.
2025-09-12 20:02:05.511 | INFO     | utils_logger:<module>:41 - Logging to file: logs\project_log.log
2025-09-12 20:02:05.512 | INFO     | __main__:main:96 - Starting JSON fetch demonstration...
2025-09-12 20:02:05.512 | INFO     | __main__:fetch_json_file:55 - Fetching JSON data from https://raw.githubusercontent.com/tmartin-m/delete-me/refs/heads/main/house_price_parquet.json...
2025-09-12 20:02:06.226 | INFO     | __main__:write_json_file:79 - Writing JSON data to tmartin_data\house_price_parquet.json...
2025-09-12 20:02:06.263 | INFO     | __main__:write_json_file:83 - SUCCESS: JSON data written to tmartin_data\house_price_parquet.json
2025-09-12 20:02:06.264 | INFO     | __main__:fetch_json_file:59 - SUCCESS: JSON file fetched and saved as house_price_parquet.json
2025-09-12 20:22:34.510 | INFO     | utils_logger:<module>:41 - Logging to file: logs\project_log.log
2025-09-12 20:22:34.510 | INFO     | __main__:main:96 - Starting JSON fetch demonstration...
2025-09-12 20:22:34.510 | INFO     | __main__:fetch_json_file:55 - Fetching JSON data from https://raw.githubusercontent.com/tmartin-m/delete-me/refs/heads/main/house_price_parquet.json...
2025-09-12 20:22:36.005 | INFO     | __main__:write_json_file:79 - Writing JSON data to tmartin_data\house_price_parquet.json...
2025-09-12 20:22:36.048 | INFO     | __main__:write_json_file:83 - SUCCESS: JSON data written to tmartin_data\house_price_parquet.json
2025-09-12 20:22:36.049 | INFO     | __main__:fetch_json_file:59 - SUCCESS: JSON file fetched and saved as house_price_parquet.json
2025-09-12 20:42:54.783 | INFO     | utils_logger:<module>:41 - Logging to file: logs\project_log.log
2025-09-12 20:42:54.784 | INFO     | __main__:<module>:138 - Starting JSON processing...
2025-09-12 20:42:54.789 | INFO     | __main__:process_json_file:131 - Processed JSON file: tmartin_data\house_price_parquet.json, Results saved to: tmartin_processed\json_houses_by_furnishing.txt
2025-09-12 20:42:54.790 | INFO     | __main__:<module>:140 - JSON processing complete.
2025-09-12 20:59:05.294 | INFO     | utils_logger:<module>:41 - Logging to file: logs\project_log.log
2025-09-12 21:01:22.618 | INFO     | utils_logger:<module>:41 - Logging to file: logs\project_log.log
2025-09-12 21:01:22.619 | INFO     | __main__:<module>:37 - Starting main script execution...
2025-09-12 21:01:22.619 | INFO     | __main__:run_scripts:26 - Running tmartin_get_csv.py...
2025-09-12 21:01:22.744 | ERROR    | __main__:run_scripts:31 - ❌ Error running tmartin_get_csv.py: Command '['python', 'tmartin_get_csv.py']' returned non-zero exit status 1.
2025-09-12 21:01:22.745 | INFO     | __main__:run_scripts:26 - Running tmartin_get_excel.py...
2025-09-12 21:01:22.866 | ERROR    | __main__:run_scripts:31 - ❌ Error running tmartin_get_excel.py: Command '['python', 'tmartin_get_excel.py']' returned non-zero exit status 1.
2025-09-12 21:01:22.867 | INFO     | __main__:run_scripts:26 - Running tmartin_get_json.py...
2025-09-12 21:01:22.985 | ERROR    | __main__:run_scripts:31 - ❌ Error running tmartin_get_json.py: Command '['python', 'tmartin_get_json.py']' returned non-zero exit status 1.
2025-09-12 21:01:22.986 | INFO     | __main__:run_scripts:26 - Running tmartin_get_txt.py...
2025-09-12 21:01:23.044 | ERROR    | __main__:run_scripts:31 - ❌ Error running tmartin_get_txt.py: Command '['python', 'tmartin_get_txt.py']' returned non-zero exit status 2.
2025-09-12 21:01:23.045 | INFO     | __main__:run_scripts:26 - Running tmartin_process_csv.py...
2025-09-12 21:01:23.191 | ERROR    | __main__:run_scripts:31 - ❌ Error running tmartin_process_csv.py: Command '['python', 'tmartin_process_csv.py']' returned non-zero exit status 1.
2025-09-12 21:01:23.192 | INFO     | __main__:run_scripts:26 - Running tmartin_process_excel.py...
2025-09-12 21:01:23.312 | ERROR    | __main__:run_scripts:31 - ❌ Error running tmartin_process_excel.py: Command '['python', 'tmartin_process_excel.py']' returned non-zero exit status 1.
2025-09-12 21:01:23.313 | INFO     | __main__:run_scripts:26 - Running tmartin_process_json.py...
2025-09-12 21:01:23.442 | ERROR    | __main__:run_scripts:31 - ❌ Error running tmartin_process_json.py: Command '['python', 'tmartin_process_json.py']' returned non-zero exit status 1.
2025-09-12 21:01:23.443 | INFO     | __main__:run_scripts:26 - Running tmartin_process_txt.py...
2025-09-12 21:01:23.499 | ERROR    | __main__:run_scripts:31 - ❌ Error running tmartin_process_txt.py: Command '['python', 'tmartin_process_txt.py']' returned non-zero exit status 2.
2025-09-12 21:01:23.500 | INFO     | __main__:<module>:39 - All scripts processed.
2025-09-12 21:03:30.560 | INFO     | utils_logger:<module>:41 - Logging to file: logs\project_log.log
2025-09-12 21:03:30.561 | INFO     | __main__:main:97 - Starting text fetch demonstration...
2025-09-12 21:03:30.561 | ERROR    | __main__:fetch_txt_file:52 - The URL provided is empty. Please provide a valid URL.
2025-09-12 21:04:16.291 | INFO     | utils_logger:<module>:41 - Logging to file: logs\project_log.log
2025-09-12 21:04:16.292 | INFO     | __main__:main:97 - Starting text fetch demonstration...
2025-09-12 21:04:16.292 | ERROR    | __main__:fetch_txt_file:52 - The URL provided is empty. Please provide a valid URL.
2025-09-12 21:05:46.315 | INFO     | utils_logger:<module>:41 - Logging to file: logs\project_log.log
2025-09-12 21:05:46.315 | INFO     | __main__:main:97 - Starting text fetch demonstration...
2025-09-12 21:05:46.315 | INFO     | __main__:fetch_txt_file:56 - Fetching text data from https://raw.githubusercontent.com/tmartin-m/delete-me/refs/heads/main/song_lyrics.txt...
2025-09-12 21:05:47.747 | INFO     | __main__:write_txt_file:80 - Writing data to tmartin_data\song_lyrics.txt...
2025-09-12 21:05:47.755 | INFO     | __main__:write_txt_file:84 - SUCCESS: Data written to tmartin_data\song_lyrics.txt
2025-09-12 21:05:47.756 | INFO     | __main__:fetch_txt_file:60 - SUCCESS: Text file fetched and saved as song_lyrics.txt
2025-09-12 21:05:58.050 | INFO     | utils_logger:<module>:41 - Logging to file: logs\project_log.log
2025-09-12 21:05:58.050 | INFO     | __main__:<module>:66 - Starting text processing...
2025-09-12 21:05:58.095 | INFO     | __main__:process_text_file:59 - Processed text file: tmartin_data\song_lyrics.txt, Word count saved to: tmartin_processed\text_love_word_count.txt
2025-09-12 21:05:58.095 | INFO     | __main__:<module>:68 - Text processing complete.
2025-09-12 21:09:46.405 | INFO     | utils_logger:<module>:41 - Logging to file: logs\project_log.log
2025-09-12 21:09:46.406 | INFO     | __main__:<module>:37 - Starting main script execution...
2025-09-12 21:09:46.406 | INFO     | __main__:run_scripts:26 - Running tmartin_get_csv.py...
2025-09-12 21:09:46.534 | ERROR    | __main__:run_scripts:31 - ❌ Error running tmartin_get_csv.py: Command '['python', 'tmartin_get_csv.py']' returned non-zero exit status 1.
2025-09-12 21:09:46.535 | INFO     | __main__:run_scripts:26 - Running tmartin_get_excel.py...
2025-09-12 21:09:46.657 | ERROR    | __main__:run_scripts:31 - ❌ Error running tmartin_get_excel.py: Command '['python', 'tmartin_get_excel.py']' returned non-zero exit status 1.
2025-09-12 21:09:46.658 | INFO     | __main__:run_scripts:26 - Running tmartin_get_json.py...
2025-09-12 21:09:46.778 | ERROR    | __main__:run_scripts:31 - ❌ Error running tmartin_get_json.py: Command '['python', 'tmartin_get_json.py']' returned non-zero exit status 1.
2025-09-12 21:09:46.778 | INFO     | __main__:run_scripts:26 - Running tmartin_get_text.py...
2025-09-12 21:09:46.895 | ERROR    | __main__:run_scripts:31 - ❌ Error running tmartin_get_text.py: Command '['python', 'tmartin_get_text.py']' returned non-zero exit status 1.
2025-09-12 21:09:46.896 | INFO     | __main__:run_scripts:26 - Running tmartin_process_csv.py...
2025-09-12 21:09:47.042 | ERROR    | __main__:run_scripts:31 - ❌ Error running tmartin_process_csv.py: Command '['python', 'tmartin_process_csv.py']' returned non-zero exit status 1.
2025-09-12 21:09:47.044 | INFO     | __main__:run_scripts:26 - Running tmartin_process_excel.py...
2025-09-12 21:09:47.187 | ERROR    | __main__:run_scripts:31 - ❌ Error running tmartin_process_excel.py: Command '['python', 'tmartin_process_excel.py']' returned non-zero exit status 1.
2025-09-12 21:09:47.188 | INFO     | __main__:run_scripts:26 - Running tmartin_process_json.py...
2025-09-12 21:09:47.324 | ERROR    | __main__:run_scripts:31 - ❌ Error running tmartin_process_json.py: Command '['python', 'tmartin_process_json.py']' returned non-zero exit status 1.
2025-09-12 21:09:47.325 | INFO     | __main__:run_scripts:26 - Running tmartin_process_text.py...
2025-09-12 21:09:47.442 | ERROR    | __main__:run_scripts:31 - ❌ Error running tmartin_process_text.py: Command '['python', 'tmartin_process_text.py']' returned non-zero exit status 1.
2025-09-12 21:09:47.443 | INFO     | __main__:<module>:39 - All scripts processed.
2025-09-12 21:12:52.589 | INFO     | utils_logger:<module>:41 - Logging to file: logs\project_log.log
2025-09-12 21:12:52.589 | INFO     | __main__:<module>:37 - Starting main script execution...
2025-09-12 21:12:52.589 | INFO     | __main__:run_scripts:26 - Running tmartin_get_csv.py...
2025-09-12 21:12:52.662 | ERROR    | __main__:run_scripts:31 - ❌ Error running tmartin_get_csv.py: Command '['python', 'tmartin_get_csv.py']' returned non-zero exit status 1.
2025-09-12 21:12:52.662 | INFO     | __main__:run_scripts:26 - Running tmartin_get_excel.py...
2025-09-12 21:12:52.774 | ERROR    | __main__:run_scripts:31 - ❌ Error running tmartin_get_excel.py: Command '['python', 'tmartin_get_excel.py']' returned non-zero exit status 1.
2025-09-12 21:12:52.775 | INFO     | __main__:run_scripts:26 - Running tmartin_get_json.py...
2025-09-12 21:12:52.858 | ERROR    | __main__:run_scripts:31 - ❌ Error running tmartin_get_json.py: Command '['python', 'tmartin_get_json.py']' returned non-zero exit status 1.
2025-09-12 21:12:52.859 | INFO     | __main__:run_scripts:26 - Running tmartin_get_text.py...
2025-09-12 21:12:52.935 | ERROR    | __main__:run_scripts:31 - ❌ Error running tmartin_get_text.py: Command '['python', 'tmartin_get_text.py']' returned non-zero exit status 1.
2025-09-12 21:12:52.936 | INFO     | __main__:run_scripts:26 - Running tmartin_process_csv.py...
2025-09-12 21:12:53.083 | ERROR    | __main__:run_scripts:31 - ❌ Error running tmartin_process_csv.py: Command '['python', 'tmartin_process_csv.py']' returned non-zero exit status 1.
2025-09-12 21:12:53.084 | INFO     | __main__:run_scripts:26 - Running tmartin_process_excel.py...
2025-09-12 21:12:53.165 | ERROR    | __main__:run_scripts:31 - ❌ Error running tmartin_process_excel.py: Command '['python', 'tmartin_process_excel.py']' returned non-zero exit status 1.
2025-09-12 21:12:53.166 | INFO     | __main__:run_scripts:26 - Running tmartin_process_json.py...
2025-09-12 21:12:53.244 | ERROR    | __main__:run_scripts:31 - ❌ Error running tmartin_process_json.py: Command '['python', 'tmartin_process_json.py']' returned non-zero exit status 1.
2025-09-12 21:12:53.245 | INFO     | __main__:run_scripts:26 - Running tmartin_process_text.py...
2025-09-12 21:12:53.318 | ERROR    | __main__:run_scripts:31 - ❌ Error running tmartin_process_text.py: Command '['python', 'tmartin_process_text.py']' returned non-zero exit status 1.
2025-09-12 21:12:53.319 | INFO     | __main__:<module>:39 - All scripts processed.
2025-09-12 21:13:54.943 | INFO     | utils_logger:<module>:41 - Logging to file: logs\project_log.log
2025-09-12 21:13:54.943 | INFO     | __main__:<module>:37 - Starting main script execution...
2025-09-12 21:13:54.944 | INFO     | __main__:run_scripts:26 - Running tmartin_get_csv.py...
2025-09-12 21:13:55.070 | ERROR    | __main__:run_scripts:31 - ❌ Error running tmartin_get_csv.py: Command '['python', 'tmartin_get_csv.py']' returned non-zero exit status 1.
2025-09-12 21:13:55.071 | INFO     | __main__:run_scripts:26 - Running tmartin_get_excel.py...
2025-09-12 21:13:55.193 | ERROR    | __main__:run_scripts:31 - ❌ Error running tmartin_get_excel.py: Command '['python', 'tmartin_get_excel.py']' returned non-zero exit status 1.
2025-09-12 21:13:55.194 | INFO     | __main__:run_scripts:26 - Running tmartin_get_json.py...
2025-09-12 21:13:55.315 | ERROR    | __main__:run_scripts:31 - ❌ Error running tmartin_get_json.py: Command '['python', 'tmartin_get_json.py']' returned non-zero exit status 1.
2025-09-12 21:13:55.316 | INFO     | __main__:run_scripts:26 - Running tmartin_get_text.py...
2025-09-12 21:13:55.441 | ERROR    | __main__:run_scripts:31 - ❌ Error running tmartin_get_text.py: Command '['python', 'tmartin_get_text.py']' returned non-zero exit status 1.
2025-09-12 21:13:55.442 | INFO     | __main__:run_scripts:26 - Running tmartin_process_csv.py...
2025-09-12 21:13:55.576 | ERROR    | __main__:run_scripts:31 - ❌ Error running tmartin_process_csv.py: Command '['python', 'tmartin_process_csv.py']' returned non-zero exit status 1.
2025-09-12 21:13:55.577 | INFO     | __main__:run_scripts:26 - Running tmartin_process_excel.py...
2025-09-12 21:13:55.692 | ERROR    | __main__:run_scripts:31 - ❌ Error running tmartin_process_excel.py: Command '['python', 'tmartin_process_excel.py']' returned non-zero exit status 1.
2025-09-12 21:13:55.693 | INFO     | __main__:run_scripts:26 - Running tmartin_process_json.py...
2025-09-12 21:13:55.821 | ERROR    | __main__:run_scripts:31 - ❌ Error running tmartin_process_json.py: Command '['python', 'tmartin_process_json.py']' returned non-zero exit status 1.
2025-09-12 21:13:55.823 | INFO     | __main__:run_scripts:26 - Running tmartin_process_text.py...
2025-09-12 21:13:55.930 | ERROR    | __main__:run_scripts:31 - ❌ Error running tmartin_process_text.py: Command '['python', 'tmartin_process_text.py']' returned non-zero exit status 1.
2025-09-12 21:13:55.931 | INFO     | __main__:<module>:39 - All scripts processed.
2025-09-12 21:15:00.508 | INFO     | utils_logger:<module>:41 - Logging to file: logs\project_log.log
2025-09-12 21:15:01.152 | INFO     | __main__:<module>:40 - Starting main script execution...
2025-09-12 21:15:01.152 | INFO     | __main__:run_scripts:29 - Running tmartin_get_csv.py...
2025-09-12 21:15:01.271 | ERROR    | __main__:run_scripts:34 - ❌ Error running tmartin_get_csv.py: Command '['python', 'tmartin_get_csv.py']' returned non-zero exit status 1.
2025-09-12 21:15:01.272 | INFO     | __main__:run_scripts:29 - Running tmartin_get_excel.py...
2025-09-12 21:15:01.403 | ERROR    | __main__:run_scripts:34 - ❌ Error running tmartin_get_excel.py: Command '['python', 'tmartin_get_excel.py']' returned non-zero exit status 1.
2025-09-12 21:15:01.404 | INFO     | __main__:run_scripts:29 - Running tmartin_get_json.py...
2025-09-12 21:15:01.506 | ERROR    | __main__:run_scripts:34 - ❌ Error running tmartin_get_json.py: Command '['python', 'tmartin_get_json.py']' returned non-zero exit status 1.
2025-09-12 21:15:01.506 | INFO     | __main__:run_scripts:29 - Running tmartin_get_text.py...
2025-09-12 21:15:01.594 | ERROR    | __main__:run_scripts:34 - ❌ Error running tmartin_get_text.py: Command '['python', 'tmartin_get_text.py']' returned non-zero exit status 1.
2025-09-12 21:15:01.594 | INFO     | __main__:run_scripts:29 - Running tmartin_process_csv.py...
2025-09-12 21:15:01.699 | ERROR    | __main__:run_scripts:34 - ❌ Error running tmartin_process_csv.py: Command '['python', 'tmartin_process_csv.py']' returned non-zero exit status 1.
2025-09-12 21:15:01.699 | INFO     | __main__:run_scripts:29 - Running tmartin_process_excel.py...
2025-09-12 21:15:01.775 | ERROR    | __main__:run_scripts:34 - ❌ Error running tmartin_process_excel.py: Command '['python', 'tmartin_process_excel.py']' returned non-zero exit status 1.
2025-09-12 21:15:01.775 | INFO     | __main__:run_scripts:29 - Running tmartin_process_json.py...
2025-09-12 21:15:01.850 | ERROR    | __main__:run_scripts:34 - ❌ Error running tmartin_process_json.py: Command '['python', 'tmartin_process_json.py']' returned non-zero exit status 1.
2025-09-12 21:15:01.851 | INFO     | __main__:run_scripts:29 - Running tmartin_process_text.py...
2025-09-12 21:15:01.926 | ERROR    | __main__:run_scripts:34 - ❌ Error running tmartin_process_text.py: Command '['python', 'tmartin_process_text.py']' returned non-zero exit status 1.
2025-09-12 21:15:01.926 | INFO     | __main__:<module>:42 - All scripts processed.
2025-09-12 21:19:37.540 | INFO     | utils_logger:<module>:41 - Logging to file: logs\project_log.log
2025-09-12 21:19:37.540 | INFO     | __main__:<module>:38 - Starting main script execution...
2025-09-12 21:19:37.541 | INFO     | __main__:run_scripts:26 - Running tmartin_get_csv.py...
2025-09-12 21:19:37.981 | INFO     | utils_logger:<module>:41 - Logging to file: logs\project_log.log
2025-09-12 21:19:37.981 | INFO     | __main__:main:89 - Starting CSV fetch demonstration...
2025-09-12 21:19:37.982 | INFO     | __main__:fetch_csv_file:48 - Fetching CSV data from https://raw.githubusercontent.com/tmartin-m/delete-me/refs/heads/main/iris.csv...
2025-09-12 21:19:38.820 | INFO     | __main__:write_csv_file:72 - Writing CSV data to tmartin_data\iris.csv...
2025-09-12 21:19:38.823 | INFO     | __main__:write_csv_file:76 - SUCCESS: CSV data written to tmartin_data\iris.csv
2025-09-12 21:19:38.825 | INFO     | __main__:fetch_csv_file:52 - SUCCESS: CSV file fetched and saved as iris.csv
2025-09-12 21:19:38.903 | INFO     | __main__:run_scripts:30 - ✅ tmartin_get_csv.py completed successfully.
2025-09-12 21:19:38.904 | INFO     | __main__:run_scripts:26 - Running tmartin_get_excel.py...
2025-09-12 21:19:39.367 | INFO     | utils_logger:<module>:41 - Logging to file: logs\project_log.log
2025-09-12 21:19:39.368 | INFO     | __main__:main:97 - Starting Excel fetch demonstration...
2025-09-12 21:19:39.368 | INFO     | __main__:fetch_excel_file:56 - Fetching Excel data from https://raw.githubusercontent.com/tmartin-m/delete-me/refs/heads/main/NHL_Goalies.xlsx...
2025-09-12 21:19:40.601 | INFO     | __main__:write_excel_file:80 - Writing Excel data to tmartin_data\NHL_Goalies.xlsx...
2025-09-12 21:19:40.605 | INFO     | __main__:write_excel_file:84 - SUCCESS: Excel data written to tmartin_data\NHL_Goalies.xlsx
2025-09-12 21:19:40.605 | INFO     | __main__:fetch_excel_file:60 - SUCCESS: Excel file fetched and saved as NHL_Goalies.xlsx
2025-09-12 21:19:40.678 | INFO     | __main__:run_scripts:30 - ✅ tmartin_get_excel.py completed successfully.
2025-09-12 21:19:40.679 | INFO     | __main__:run_scripts:26 - Running tmartin_get_json.py...
2025-09-12 21:19:41.204 | INFO     | utils_logger:<module>:41 - Logging to file: logs\project_log.log
2025-09-12 21:19:41.205 | INFO     | __main__:main:96 - Starting JSON fetch demonstration...
2025-09-12 21:19:41.205 | INFO     | __main__:fetch_json_file:55 - Fetching JSON data from https://raw.githubusercontent.com/tmartin-m/delete-me/refs/heads/main/house_price_parquet.json...
2025-09-12 21:19:41.735 | INFO     | __main__:write_json_file:79 - Writing JSON data to tmartin_data\house_price_parquet.json...
2025-09-12 21:19:41.767 | INFO     | __main__:write_json_file:83 - SUCCESS: JSON data written to tmartin_data\house_price_parquet.json
2025-09-12 21:19:41.768 | INFO     | __main__:fetch_json_file:59 - SUCCESS: JSON file fetched and saved as house_price_parquet.json
2025-09-12 21:19:41.828 | INFO     | __main__:run_scripts:30 - ✅ tmartin_get_json.py completed successfully.
2025-09-12 21:19:41.829 | INFO     | __main__:run_scripts:26 - Running tmartin_get_text.py...
2025-09-12 21:19:42.156 | INFO     | utils_logger:<module>:41 - Logging to file: logs\project_log.log
2025-09-12 21:19:42.157 | INFO     | __main__:main:97 - Starting text fetch demonstration...
2025-09-12 21:19:42.157 | INFO     | __main__:fetch_txt_file:56 - Fetching text data from https://raw.githubusercontent.com/tmartin-m/delete-me/refs/heads/main/song_lyrics.txt...
2025-09-12 21:19:42.611 | INFO     | __main__:write_txt_file:80 - Writing data to tmartin_data\song_lyrics.txt...
2025-09-12 21:19:42.616 | INFO     | __main__:write_txt_file:84 - SUCCESS: Data written to tmartin_data\song_lyrics.txt
2025-09-12 21:19:42.620 | INFO     | __main__:fetch_txt_file:60 - SUCCESS: Text file fetched and saved as song_lyrics.txt
2025-09-12 21:19:42.662 | INFO     | __main__:run_scripts:30 - ✅ tmartin_get_text.py completed successfully.
2025-09-12 21:19:42.662 | INFO     | __main__:run_scripts:26 - Running tmartin_process_csv.py...
2025-09-12 21:19:42.884 | INFO     | utils_logger:<module>:41 - Logging to file: logs\project_log.log
2025-09-12 21:19:42.884 | INFO     | __main__:<module>:89 - Starting CSV processing...
2025-09-12 21:19:42.886 | INFO     | __main__:process_csv_file:82 - Processed CSV file: tmartin_data\iris.csv, Statistics saved to: tmartin_processed\iris_sepal_length_stats.txt
2025-09-12 21:19:42.887 | INFO     | __main__:<module>:91 - CSV processing complete.
2025-09-12 21:19:42.913 | INFO     | __main__:run_scripts:30 - ✅ tmartin_process_csv.py completed successfully.
2025-09-12 21:19:42.913 | INFO     | __main__:run_scripts:26 - Running tmartin_process_excel.py...
2025-09-12 21:19:43.388 | INFO     | utils_logger:<module>:41 - Logging to file: logs\project_log.log
2025-09-12 21:19:43.388 | INFO     | __main__:<module>:77 - Starting Excel processing...
2025-09-12 21:19:43.429 | INFO     | __main__:process_excel_file:70 - Processed Excel file: tmartin_data\NHL_Goalies.xlsx, Word count saved to: tmartin_processed\excel_feedback_R_count.txt
2025-09-12 21:19:43.429 | INFO     | __main__:<module>:79 - Excel processing complete.
2025-09-12 21:19:43.475 | INFO     | __main__:run_scripts:30 - ✅ tmartin_process_excel.py completed successfully.
2025-09-12 21:19:43.475 | INFO     | __main__:run_scripts:26 - Running tmartin_process_json.py...
2025-09-12 21:19:43.675 | INFO     | utils_logger:<module>:41 - Logging to file: logs\project_log.log
2025-09-12 21:19:43.675 | INFO     | __main__:<module>:138 - Starting JSON processing...
2025-09-12 21:19:43.696 | INFO     | __main__:process_json_file:131 - Processed JSON file: tmartin_data\house_price_parquet.json, Results saved to: tmartin_processed\json_houses_by_furnishing.txt
2025-09-12 21:19:43.697 | INFO     | __main__:<module>:140 - JSON processing complete.
2025-09-12 21:19:43.720 | INFO     | __main__:run_scripts:30 - ✅ tmartin_process_json.py completed successfully.
2025-09-12 21:19:43.721 | INFO     | __main__:run_scripts:26 - Running tmartin_process_text.py...
2025-09-12 21:19:43.929 | INFO     | utils_logger:<module>:41 - Logging to file: logs\project_log.log
2025-09-12 21:19:43.929 | INFO     | __main__:<module>:66 - Starting text processing...
2025-09-12 21:19:43.967 | INFO     | __main__:process_text_file:59 - Processed text file: tmartin_data\song_lyrics.txt, Word count saved to: tmartin_processed\text_love_word_count.txt
2025-09-12 21:19:43.968 | INFO     | __main__:<module>:68 - Text processing complete.
2025-09-12 21:19:43.991 | INFO     | __main__:run_scripts:30 - ✅ tmartin_process_text.py completed successfully.
2025-09-12 21:19:43.992 | INFO     | __main__:<module>:40 - All scripts processed.
